# JRE version: Java(TM) SE Runtime Environment (8.0_45-b15) (build 1.8.0_45-b15)
# Java VM: Java HotSpot(TM) 64-Bit Server VM (25.45-b02 mixed mode windows-amd64 compressed oops)
Heap:
 PSYoungGen      total 102400K, used 66892K [0x00000000eb700000, 0x00000000f7180000, 0x0000000100000000)
  eden space 100352K, 65% used [0x00000000eb700000,0x00000000ef6cb148,0x00000000f1900000)
  from space 2048K, 76% used [0x00000000f6f80000,0x00000000f7108000,0x00000000f7180000)
  to   space 3072K, 0% used [0x00000000f6b80000,0x00000000f6b80000,0x00000000f6e80000)
 ParOldGen       total 85504K, used 28169K [0x00000000c2400000, 0x00000000c7780000, 0x00000000eb700000)
  object space 85504K, 32% used [0x00000000c2400000,0x00000000c3f82570,0x00000000c7780000)
 Metaspace       used 65311K, capacity 65766K, committed 66560K, reserved 1107968K
  class space    used 7946K, capacity 8075K, committed 8192K, reserved 1048576K
GC Heap History (10 events):
Event: 71764.013 GC heap before
{Heap before GC invocations=85 (full 22):
 PSYoungGen      total 113664K, used 113248K [0x00000000eb700000, 0x00000000f7600000, 0x0000000100000000)
  eden space 111616K, 100% used [0x00000000eb700000,0x00000000f2400000,0x00000000f2400000)
  from space 2048K, 79% used [0x00000000f7400000,0x00000000f7598000,0x00000000f7600000)
  to   space 3072K, 0% used [0x00000000f7000000,0x00000000f7000000,0x00000000f7300000)
 ParOldGen       total 85504K, used 28455K [0x00000000c2400000, 0x00000000c7780000, 0x00000000eb700000)
  object space 85504K, 33% used [0x00000000c2400000,0x00000000c3fc9f80,0x00000000c7780000)
 Metaspace       used 65233K, capacity 65702K, committed 66560K, reserved 1107968K
  class space    used 7946K, capacity 8075K, committed 8192K, reserved 1048576K
Event: 71764.184 GC heap after
Heap after GC invocations=85 (full 22):
 PSYoungGen      total 109568K, used 1632K [0x00000000eb700000, 0x00000000f7480000, 0x0000000100000000)
  eden space 107520K, 0% used [0x00000000eb700000,0x00000000eb700000,0x00000000f2000000)
  from space 2048K, 79% used [0x00000000f7000000,0x00000000f7198000,0x00000000f7200000)
  to   space 2560K, 0% used [0x00000000f7200000,0x00000000f7200000,0x00000000f7480000)
 ParOldGen       total 85504K, used 28455K [0x00000000c2400000, 0x00000000c7780000, 0x00000000eb700000)
  object space 85504K, 33% used [0x00000000c2400000,0x00000000c3fc9f80,0x00000000c7780000)
 Metaspace       used 65233K, capacity 65702K, committed 66560K, reserved 1107968K
  class space    used 7946K, capacity 8075K, committed 8192K, reserved 1048576K
}
Event: 72029.041 GC heap before
{Heap before GC invocations=86 (full 22):
 PSYoungGen      total 109568K, used 38042K [0x00000000eb700000, 0x00000000f7480000, 0x0000000100000000)
  eden space 107520K, 33% used [0x00000000eb700000,0x00000000eda8eb60,0x00000000f2000000)
  from space 2048K, 79% used [0x00000000f7000000,0x00000000f7198000,0x00000000f7200000)
  to   space 2560K, 0% used [0x00000000f7200000,0x00000000f7200000,0x00000000f7480000)
 ParOldGen       total 85504K, used 28455K [0x00000000c2400000, 0x00000000c7780000, 0x00000000eb700000)
  object space 85504K, 33% used [0x00000000c2400000,0x00000000c3fc9f80,0x00000000c7780000)
 Metaspace       used 65233K, capacity 65702K, committed 66560K, reserved 1107968K
  class space    used 7946K, capacity 8075K, committed 8192K, reserved 1048576K
Event: 72029.064 GC heap after
Heap after GC invocations=86 (full 22):
 PSYoungGen      total 108544K, used 576K [0x00000000eb700000, 0x00000000f7300000, 0x0000000100000000)
  eden space 107520K, 0% used [0x00000000eb700000,0x00000000eb700000,0x00000000f2000000)
  from space 1024K, 56% used [0x00000000f7200000,0x00000000f7290000,0x00000000f7300000)
  to   space 3072K, 0% used [0x00000000f6d00000,0x00000000f6d00000,0x00000000f7000000)
 ParOldGen       total 85504K, used 28455K [0x00000000c2400000, 0x00000000c7780000, 0x00000000eb700000)
  object space 85504K, 33% used [0x00000000c2400000,0x00000000c3fc9f80,0x00000000c7780000)
 Metaspace       used 65233K, capacity 65702K, committed 66560K, reserved 1107968K
  class space    used 7946K, capacity 8075K, committed 8192K, reserved 1048576K
}
Event: 72029.064 GC heap before
{Heap before GC invocations=87 (full 23):
 PSYoungGen      total 108544K, used 576K [0x00000000eb700000, 0x00000000f7300000, 0x0000000100000000)
  eden space 107520K, 0% used [0x00000000eb700000,0x00000000eb700000,0x00000000f2000000)
  from space 1024K, 56% used [0x00000000f7200000,0x00000000f7290000,0x00000000f7300000)
  to   space 3072K, 0% used [0x00000000f6d00000,0x00000000f6d00000,0x00000000f7000000)
 ParOldGen       total 85504K, used 28455K [0x00000000c2400000, 0x00000000c7780000, 0x00000000eb700000)
  object space 85504K, 33% used [0x00000000c2400000,0x00000000c3fc9f80,0x00000000c7780000)
 Metaspace       used 65233K, capacity 65702K, committed 66560K, reserved 1107968K
  class space    used 7946K, capacity 8075K, committed 8192K, reserved 1048576K
Event: 72029.245 GC heap after
Heap after GC invocations=87 (full 23):
 PSYoungGen      total 108544K, used 0K [0x00000000eb700000, 0x00000000f7300000, 0x0000000100000000)
  eden space 107520K, 0% used [0x00000000eb700000,0x00000000eb700000,0x00000000f2000000)
  from space 1024K, 0% used [0x00000000f7200000,0x00000000f7200000,0x00000000f7300000)
  to   space 3072K, 0% used [0x00000000f6d00000,0x00000000f6d00000,0x00000000f7000000)
 ParOldGen       total 85504K, used 28161K [0x00000000c2400000, 0x00000000c7780000, 0x00000000eb700000)
  object space 85504K, 32% used [0x00000000c2400000,0x00000000c3f80570,0x00000000c7780000)
 Metaspace       used 65221K, capacity 65684K, committed 66560K, reserved 1107968K
  class space    used 7944K, capacity 8072K, committed 8192K, reserved 1048576K
}
Event: 72724.003 GC heap before
{Heap before GC invocations=88 (full 23):
 PSYoungGen      total 108544K, used 107520K [0x00000000eb700000, 0x00000000f7300000, 0x0000000100000000)
  eden space 107520K, 100% used [0x00000000eb700000,0x00000000f2000000,0x00000000f2000000)
  from space 1024K, 0% used [0x00000000f7200000,0x00000000f7200000,0x00000000f7300000)
  to   space 3072K, 0% used [0x00000000f6d00000,0x00000000f6d00000,0x00000000f7000000)
 ParOldGen       total 85504K, used 28161K [0x00000000c2400000, 0x00000000c7780000, 0x00000000eb700000)
  object space 85504K, 32% used [0x00000000c2400000,0x00000000c3f80570,0x00000000c7780000)
 Metaspace       used 65237K, capacity 65702K, committed 66560K, reserved 1107968K
  class space    used 7946K, capacity 8075K, committed 8192K, reserved 1048576K
Event: 72724.219 GC heap after
Heap after GC invocations=88 (full 23):
 PSYoungGen      total 105472K, used 1440K [0x00000000eb700000, 0x00000000f7280000, 0x0000000100000000)
  eden space 103936K, 0% used [0x00000000eb700000,0x00000000eb700000,0x00000000f1c80000)
  from space 1536K, 93% used [0x00000000f6d00000,0x00000000f6e68000,0x00000000f6e80000)
  to   space 3072K, 0% used [0x00000000f6f80000,0x00000000f6f80000,0x00000000f7280000)
 ParOldGen       total 85504K, used 28161K [0x00000000c2400000, 0x00000000c7780000, 0x00000000eb700000)
  object space 85504K, 32% used [0x00000000c2400000,0x00000000c3f80570,0x00000000c7780000)
 Metaspace       used 65237K, capacity 65702K, committed 66560K, reserved 1107968K
  class space    used 7946K, capacity 8075K, committed 8192K, reserved 1048576K
}
Event: 73483.961 GC heap before
{Heap before GC invocations=89 (full 23):
 PSYoungGen      total 105472K, used 105376K [0x00000000eb700000, 0x00000000f7280000, 0x0000000100000000)
  eden space 103936K, 100% used [0x00000000eb700000,0x00000000f1c80000,0x00000000f1c80000)
  from space 1536K, 93% used [0x00000000f6d00000,0x00000000f6e68000,0x00000000f6e80000)
  to   space 3072K, 0% used [0x00000000f6f80000,0x00000000f6f80000,0x00000000f7280000)
 ParOldGen       total 85504K, used 28161K [0x00000000c2400000, 0x00000000c7780000, 0x00000000eb700000)
  object space 85504K, 32% used [0x00000000c2400000,0x00000000c3f80570,0x00000000c7780000)
 Metaspace       used 65244K, capacity 65702K, committed 66560K, reserved 1107968K
  class space    used 7946K, capacity 8075K, committed 8192K, reserved 1048576K
Event: 73484.092 GC heap after
Heap after GC invocations=89 (full 23):
 PSYoungGen      total 102400K, used 1568K [0x00000000eb700000, 0x00000000f7180000, 0x0000000100000000)
  eden space 100352K, 0% used [0x00000000eb700000,0x00000000eb700000,0x00000000f1900000)
  from space 2048K, 76% used [0x00000000f6f80000,0x00000000f7108000,0x00000000f7180000)
  to   space 3072K, 0% used [0x00000000f6b80000,0x00000000f6b80000,0x00000000f6e80000)
 ParOldGen       total 85504K, used 28169K [0x00000000c2400000, 0x00000000c7780000, 0x00000000eb700000)
  object space 85504K, 32% used [0x00000000c2400000,0x00000000c3f82570,0x00000000c7780000)
 Metaspace       used 65244K, capacity 65702K, committed 66560K, reserved 1107968K
  class space    used 7946K, capacity 8075K, committed 8192K, reserved 1048576K
}

