# JRE version: Java(TM) SE Runtime Environment (8.0_45-b15) (build 1.8.0_45-b15)
# Java VM: Java HotSpot(TM) 64-Bit Server VM (25.45-b02 mixed mode windows-amd64 compressed oops)
Heap:
 PSYoungGen      total 153600K, used 47558K [0x00000000eb700000, 0x00000000f7c00000, 0x0000000100000000)
  eden space 152064K, 31% used [0x00000000eb700000,0x00000000ee571ae8,0x00000000f4b80000)
  from space 1536K, 0% used [0x00000000f7a80000,0x00000000f7a80000,0x00000000f7c00000)
  to   space 3584K, 0% used [0x00000000f7500000,0x00000000f7500000,0x00000000f7880000)
 ParOldGen       total 80384K, used 28483K [0x00000000c2400000, 0x00000000c7280000, 0x00000000eb700000)
  object space 80384K, 35% used [0x00000000c2400000,0x00000000c3fd0c50,0x00000000c7280000)
 Metaspace       used 65120K, capacity 65552K, committed 66560K, reserved 1107968K
  class space    used 7923K, capacity 8056K, committed 8192K, reserved 1048576K
GC Heap History (10 events):
Event: 57662.224 GC heap before
{Heap before GC invocations=70 (full 18):
 PSYoungGen      total 159744K, used 118197K [0x00000000eb700000, 0x00000000f8100000, 0x0000000100000000)
  eden space 158208K, 73% used [0x00000000eb700000,0x00000000f28fd7a0,0x00000000f5180000)
  from space 1536K, 95% used [0x00000000f7a00000,0x00000000f7b70000,0x00000000f7b80000)
  to   space 3584K, 0% used [0x00000000f7d80000,0x00000000f7d80000,0x00000000f8100000)
 ParOldGen       total 80384K, used 28489K [0x00000000c2400000, 0x00000000c7280000, 0x00000000eb700000)
  object space 80384K, 35% used [0x00000000c2400000,0x00000000c3fd24c8,0x00000000c7280000)
 Metaspace       used 64222K, capacity 64682K, committed 65536K, reserved 1105920K
  class space    used 7880K, capacity 8023K, committed 8192K, reserved 1048576K
Event: 57662.285 GC heap after
Heap after GC invocations=70 (full 18):
 PSYoungGen      total 159744K, used 1120K [0x00000000eb700000, 0x00000000f7f00000, 0x0000000100000000)
  eden space 158208K, 0% used [0x00000000eb700000,0x00000000eb700000,0x00000000f5180000)
  from space 1536K, 72% used [0x00000000f7d80000,0x00000000f7e98000,0x00000000f7f00000)
  to   space 3584K, 0% used [0x00000000f7800000,0x00000000f7800000,0x00000000f7b80000)
 ParOldGen       total 80384K, used 28497K [0x00000000c2400000, 0x00000000c7280000, 0x00000000eb700000)
  object space 80384K, 35% used [0x00000000c2400000,0x00000000c3fd44c8,0x00000000c7280000)
 Metaspace       used 64222K, capacity 64682K, committed 65536K, reserved 1105920K
  class space    used 7880K, capacity 8023K, committed 8192K, reserved 1048576K
}
Event: 57662.285 GC heap before
{Heap before GC invocations=71 (full 19):
 PSYoungGen      total 159744K, used 1120K [0x00000000eb700000, 0x00000000f7f00000, 0x0000000100000000)
  eden space 158208K, 0% used [0x00000000eb700000,0x00000000eb700000,0x00000000f5180000)
  from space 1536K, 72% used [0x00000000f7d80000,0x00000000f7e98000,0x00000000f7f00000)
  to   space 3584K, 0% used [0x00000000f7800000,0x00000000f7800000,0x00000000f7b80000)
 ParOldGen       total 80384K, used 28497K [0x00000000c2400000, 0x00000000c7280000, 0x00000000eb700000)
  object space 80384K, 35% used [0x00000000c2400000,0x00000000c3fd44c8,0x00000000c7280000)
 Metaspace       used 64222K, capacity 64682K, committed 65536K, reserved 1105920K
  class space    used 7880K, capacity 8023K, committed 8192K, reserved 1048576K
Event: 57662.543 GC heap after
Heap after GC invocations=71 (full 19):
 PSYoungGen      total 159744K, used 0K [0x00000000eb700000, 0x00000000f7f00000, 0x0000000100000000)
  eden space 158208K, 0% used [0x00000000eb700000,0x00000000eb700000,0x00000000f5180000)
  from space 1536K, 0% used [0x00000000f7d80000,0x00000000f7d80000,0x00000000f7f00000)
  to   space 3584K, 0% used [0x00000000f7800000,0x00000000f7800000,0x00000000f7b80000)
 ParOldGen       total 80384K, used 28502K [0x00000000c2400000, 0x00000000c7280000, 0x00000000eb700000)
  object space 80384K, 35% used [0x00000000c2400000,0x00000000c3fd5828,0x00000000c7280000)
 Metaspace       used 64207K, capacity 64658K, committed 65536K, reserved 1105920K
  class space    used 7878K, capacity 8019K, committed 8192K, reserved 1048576K
}
Event: 59738.125 GC heap before
{Heap before GC invocations=72 (full 19):
 PSYoungGen      total 159744K, used 158208K [0x00000000eb700000, 0x00000000f7f00000, 0x0000000100000000)
  eden space 158208K, 100% used [0x00000000eb700000,0x00000000f5180000,0x00000000f5180000)
  from space 1536K, 0% used [0x00000000f7d80000,0x00000000f7d80000,0x00000000f7f00000)
  to   space 3584K, 0% used [0x00000000f7800000,0x00000000f7800000,0x00000000f7b80000)
 ParOldGen       total 80384K, used 28502K [0x00000000c2400000, 0x00000000c7280000, 0x00000000eb700000)
  object space 80384K, 35% used [0x00000000c2400000,0x00000000c3fd5828,0x00000000c7280000)
 Metaspace       used 64231K, capacity 64682K, committed 65536K, reserved 1105920K
  class space    used 7880K, capacity 8023K, committed 8192K, reserved 1048576K
Event: 59738.347 GC heap after
Heap after GC invocations=72 (full 19):
 PSYoungGen      total 153600K, used 1472K [0x00000000eb700000, 0x00000000f7e00000, 0x0000000100000000)
  eden space 152064K, 0% used [0x00000000eb700000,0x00000000eb700000,0x00000000f4b80000)
  from space 1536K, 95% used [0x00000000f7800000,0x00000000f7970000,0x00000000f7980000)
  to   space 3584K, 0% used [0x00000000f7a80000,0x00000000f7a80000,0x00000000f7e00000)
 ParOldGen       total 80384K, used 28510K [0x00000000c2400000, 0x00000000c7280000, 0x00000000eb700000)
  object space 80384K, 35% used [0x00000000c2400000,0x00000000c3fd7828,0x00000000c7280000)
 Metaspace       used 64231K, capacity 64682K, committed 65536K, reserved 1105920K
  class space    used 7880K, capacity 8023K, committed 8192K, reserved 1048576K
}
Event: 61262.544 GC heap before
{Heap before GC invocations=73 (full 19):
 PSYoungGen      total 153600K, used 101890K [0x00000000eb700000, 0x00000000f7e00000, 0x0000000100000000)
  eden space 152064K, 66% used [0x00000000eb700000,0x00000000f1910850,0x00000000f4b80000)
  from space 1536K, 95% used [0x00000000f7800000,0x00000000f7970000,0x00000000f7980000)
  to   space 3584K, 0% used [0x00000000f7a80000,0x00000000f7a80000,0x00000000f7e00000)
 ParOldGen       total 80384K, used 28510K [0x00000000c2400000, 0x00000000c7280000, 0x00000000eb700000)
  object space 80384K, 35% used [0x00000000c2400000,0x00000000c3fd7828,0x00000000c7280000)
 Metaspace       used 64235K, capacity 64682K, committed 65536K, reserved 1105920K
  class space    used 7880K, capacity 8023K, committed 8192K, reserved 1048576K
Event: 61262.847 GC heap after
Heap after GC invocations=73 (full 19):
 PSYoungGen      total 153600K, used 1088K [0x00000000eb700000, 0x00000000f7c00000, 0x0000000100000000)
  eden space 152064K, 0% used [0x00000000eb700000,0x00000000eb700000,0x00000000f4b80000)
  from space 1536K, 70% used [0x00000000f7a80000,0x00000000f7b90000,0x00000000f7c00000)
  to   space 3584K, 0% used [0x00000000f7500000,0x00000000f7500000,0x00000000f7880000)
 ParOldGen       total 80384K, used 28510K [0x00000000c2400000, 0x00000000c7280000, 0x00000000eb700000)
  object space 80384K, 35% used [0x00000000c2400000,0x00000000c3fd7828,0x00000000c7280000)
 Metaspace       used 64235K, capacity 64682K, committed 65536K, reserved 1105920K
  class space    used 7880K, capacity 8023K, committed 8192K, reserved 1048576K
}
Event: 61262.847 GC heap before
{Heap before GC invocations=74 (full 20):
 PSYoungGen      total 153600K, used 1088K [0x00000000eb700000, 0x00000000f7c00000, 0x0000000100000000)
  eden space 152064K, 0% used [0x00000000eb700000,0x00000000eb700000,0x00000000f4b80000)
  from space 1536K, 70% used [0x00000000f7a80000,0x00000000f7b90000,0x00000000f7c00000)
  to   space 3584K, 0% used [0x00000000f7500000,0x00000000f7500000,0x00000000f7880000)
 ParOldGen       total 80384K, used 28510K [0x00000000c2400000, 0x00000000c7280000, 0x00000000eb700000)
  object space 80384K, 35% used [0x00000000c2400000,0x00000000c3fd7828,0x00000000c7280000)
 Metaspace       used 64235K, capacity 64682K, committed 65536K, reserved 1105920K
  class space    used 7880K, capacity 8023K, committed 8192K, reserved 1048576K
Event: 61263.011 GC heap after
Heap after GC invocations=74 (full 20):
 PSYoungGen      total 153600K, used 0K [0x00000000eb700000, 0x00000000f7c00000, 0x0000000100000000)
  eden space 152064K, 0% used [0x00000000eb700000,0x00000000eb700000,0x00000000f4b80000)
  from space 1536K, 0% used [0x00000000f7a80000,0x00000000f7a80000,0x00000000f7c00000)
  to   space 3584K, 0% used [0x00000000f7500000,0x00000000f7500000,0x00000000f7880000)
 ParOldGen       total 80384K, used 28483K [0x00000000c2400000, 0x00000000c7280000, 0x00000000eb700000)
  object space 80384K, 35% used [0x00000000c2400000,0x00000000c3fd0c50,0x00000000c7280000)
 Metaspace       used 64220K, capacity 64658K, committed 65536K, reserved 1105920K
  class space    used 7878K, capacity 8019K, committed 8192K, reserved 1048576K
}

